<?xml version="1.0" encoding="UTF-8"?>
<!-- Generated by org.testng.reporters.JUnitReportReporter -->
<testsuite hostname="DESKTOP-E770C0N" failures="0" tests="3" name="cucumberOptions.TestNGRunner" time="0.220" errors="0" timestamp="2025-01-28T01:37:28 IST" skipped="0">
  <testcase classname="cucumberOptions.TestNGRunner" name="runScenario" time="0.034"/>
  <testcase classname="cucumberOptions.TestNGRunner" name="runScenario" time="0.027"/>
  <testcase classname="cucumberOptions.TestNGRunner" name="runScenario" time="0.159"/>
</testsuite> <!-- cucumberOptions.TestNGRunner -->
